{"D:\\TD_Migrationbridge_BE_nodejs\\src\\app.js":{"path":"D:\\TD_Migrationbridge_BE_nodejs\\src\\app.js","statementMap":{"0":{"start":{"line":2,"column":16},"end":{"line":2,"column":34}},"1":{"start":{"line":3,"column":13},"end":{"line":3,"column":28}},"2":{"start":{"line":4,"column":22},"end":{"line":4,"column":49}},"3":{"start":{"line":5,"column":24},"end":{"line":5,"column":53}},"4":{"start":{"line":7,"column":12},"end":{"line":7,"column":21}},"5":{"start":{"line":8,"column":0},"end":{"line":8,"column":24}},"6":{"start":{"line":10,"column":0},"end":{"line":10,"column":39}},"7":{"start":{"line":11,"column":0},"end":{"line":11,"column":43}},"8":{"start":{"line":13,"column":0},"end":{"line":13,"column":80}},"9":{"start":{"line":14,"column":0},"end":{"line":16,"column":3}},"10":{"start":{"line":15,"column":2},"end":{"line":15,"column":74}},"11":{"start":{"line":18,"column":0},"end":{"line":18,"column":74}},"12":{"start":{"line":19,"column":0},"end":{"line":21,"column":3}},"13":{"start":{"line":20,"column":2},"end":{"line":20,"column":71}},"14":{"start":{"line":23,"column":0},"end":{"line":25,"column":3}},"15":{"start":{"line":24,"column":2},"end":{"line":24,"column":89}},"16":{"start":{"line":26,"column":0},"end":{"line":26,"column":61}},"17":{"start":{"line":26,"column":33},"end":{"line":26,"column":59}},"18":{"start":{"line":28,"column":0},"end":{"line":31,"column":1}},"19":{"start":{"line":29,"column":15},"end":{"line":29,"column":39}},"20":{"start":{"line":30,"column":2},"end":{"line":30,"column":86}},"21":{"start":{"line":30,"column":25},"end":{"line":30,"column":84}},"22":{"start":{"line":32,"column":0},"end":{"line":32,"column":21}}},"fnMap":{"0":{"name":"(anonymous_0)","decl":{"start":{"line":14,"column":21},"end":{"line":14,"column":22}},"loc":{"start":{"line":14,"column":35},"end":{"line":16,"column":1}},"line":14},"1":{"name":"(anonymous_1)","decl":{"start":{"line":19,"column":18},"end":{"line":19,"column":19}},"loc":{"start":{"line":19,"column":32},"end":{"line":21,"column":1}},"line":19},"2":{"name":"(anonymous_2)","decl":{"start":{"line":23,"column":13},"end":{"line":23,"column":14}},"loc":{"start":{"line":23,"column":27},"end":{"line":25,"column":1}},"line":23},"3":{"name":"(anonymous_3)","decl":{"start":{"line":26,"column":19},"end":{"line":26,"column":20}},"loc":{"start":{"line":26,"column":33},"end":{"line":26,"column":59}},"line":26},"4":{"name":"(anonymous_4)","decl":{"start":{"line":30,"column":19},"end":{"line":30,"column":20}},"loc":{"start":{"line":30,"column":25},"end":{"line":30,"column":84}},"line":30}},"branchMap":{"0":{"loc":{"start":{"line":28,"column":0},"end":{"line":31,"column":1}},"type":"if","locations":[{"start":{"line":28,"column":0},"end":{"line":31,"column":1}},{"start":{},"end":{}}],"line":28},"1":{"loc":{"start":{"line":29,"column":15},"end":{"line":29,"column":39}},"type":"binary-expr","locations":[{"start":{"line":29,"column":15},"end":{"line":29,"column":31}},{"start":{"line":29,"column":35},"end":{"line":29,"column":39}}],"line":29}},"s":{"0":1,"1":1,"2":1,"3":1,"4":1,"5":1,"6":1,"7":1,"8":1,"9":1,"10":0,"11":1,"12":1,"13":0,"14":1,"15":1,"16":1,"17":1,"18":1,"19":0,"20":0,"21":0,"22":1},"f":{"0":0,"1":0,"2":1,"3":1,"4":0},"b":{"0":[0,1],"1":[0,0]},"_coverageSchema":"1a1c01bbd47fc00a2c39e90264f33305004495a9","hash":"d983e0a7e289db089f143c31809d2c7a031314f6","contentHash":"a7c30265d8a736e11d5faa971f0909e99afafca70b70caca15a2d34dbea17f38"},"D:\\TD_Migrationbridge_BE_nodejs\\src\\routes\\widgets.js":{"path":"D:\\TD_Migrationbridge_BE_nodejs\\src\\routes\\widgets.js","statementMap":{"0":{"start":{"line":2,"column":16},"end":{"line":2,"column":34}},"1":{"start":{"line":3,"column":15},"end":{"line":3,"column":31}},"2":{"start":{"line":5,"column":0},"end":{"line":7,"column":3}},"3":{"start":{"line":6,"column":2},"end":{"line":6,"column":77}},"4":{"start":{"line":9,"column":0},"end":{"line":9,"column":24}}},"fnMap":{"0":{"name":"(anonymous_0)","decl":{"start":{"line":5,"column":16},"end":{"line":5,"column":17}},"loc":{"start":{"line":5,"column":30},"end":{"line":7,"column":1}},"line":5}},"branchMap":{},"s":{"0":1,"1":1,"2":1,"3":1,"4":1},"f":{"0":1},"b":{},"_coverageSchema":"1a1c01bbd47fc00a2c39e90264f33305004495a9","hash":"694f9f6832e953a06e08a3e3cfd96691b12b25c5","contentHash":"5093dc2d0c3e143b634f2923b3899e3c1eaa492112a91416baef584c0afb5a5b"},"D:\\TD_Migrationbridge_BE_nodejs\\src\\routes\\migration.js":{"path":"D:\\TD_Migrationbridge_BE_nodejs\\src\\routes\\migration.js","statementMap":{"0":{"start":{"line":2,"column":16},"end":{"line":2,"column":34}},"1":{"start":{"line":3,"column":40},"end":{"line":3,"column":68}},"2":{"start":{"line":4,"column":15},"end":{"line":4,"column":31}},"3":{"start":{"line":6,"column":0},"end":{"line":8,"column":3}},"4":{"start":{"line":7,"column":2},"end":{"line":7,"column":37}},"5":{"start":{"line":10,"column":0},"end":{"line":12,"column":3}},"6":{"start":{"line":11,"column":2},"end":{"line":11,"column":30}},"7":{"start":{"line":14,"column":0},"end":{"line":14,"column":24}}},"fnMap":{"0":{"name":"(anonymous_0)","decl":{"start":{"line":6,"column":22},"end":{"line":6,"column":23}},"loc":{"start":{"line":6,"column":36},"end":{"line":8,"column":1}},"line":6},"1":{"name":"(anonymous_1)","decl":{"start":{"line":10,"column":22},"end":{"line":10,"column":23}},"loc":{"start":{"line":10,"column":36},"end":{"line":12,"column":1}},"line":10}},"branchMap":{},"s":{"0":1,"1":1,"2":1,"3":1,"4":1,"5":1,"6":1,"7":1},"f":{"0":1,"1":1},"b":{},"_coverageSchema":"1a1c01bbd47fc00a2c39e90264f33305004495a9","hash":"2ce1dc38236156f58a2e1b7de4500428dc41a7c9","contentHash":"af8cec591f2a6709ae2fcdc0c4d8debd3631e5425f221bd154cde4c3ebbeca4b"},"D:\\TD_Migrationbridge_BE_nodejs\\src\\data\\migration.js":{"path":"D:\\TD_Migrationbridge_BE_nodejs\\src\\data\\migration.js","statementMap":{"0":{"start":{"line":4,"column":15},"end":{"line":9,"column":1}},"1":{"start":{"line":12,"column":2},"end":{"line":12,"column":16}},"2":{"start":{"line":16,"column":24},"end":{"line":16,"column":63}},"3":{"start":{"line":16,"column":45},"end":{"line":16,"column":55}},"4":{"start":{"line":17,"column":2},"end":{"line":21,"column":4}},"5":{"start":{"line":24,"column":0},"end":{"line":24,"column":49}}},"fnMap":{"0":{"name":"listRoutes","decl":{"start":{"line":11,"column":9},"end":{"line":11,"column":19}},"loc":{"start":{"line":11,"column":22},"end":{"line":13,"column":1}},"line":11},"1":{"name":"migrationStatus","decl":{"start":{"line":15,"column":9},"end":{"line":15,"column":24}},"loc":{"start":{"line":15,"column":27},"end":{"line":22,"column":1}},"line":15},"2":{"name":"(anonymous_2)","decl":{"start":{"line":16,"column":38},"end":{"line":16,"column":39}},"loc":{"start":{"line":16,"column":45},"end":{"line":16,"column":55}},"line":16}},"branchMap":{},"s":{"0":1,"1":1,"2":1,"3":4,"4":1,"5":1},"f":{"0":1,"1":1,"2":4},"b":{},"_coverageSchema":"1a1c01bbd47fc00a2c39e90264f33305004495a9","hash":"18de78b3b70daa0e8bb54a290cd742a7ecc8c9de","contentHash":"6e5f1829996c08f073ac956088f5a565bc6cce52fc9b7487c0bf4ce1d679a5fb"}}